{"timestamp":"2026-07-03T19:26:46.363476Z","level":"info","event":"::group::Pre Execute","logger":"task","filename":"task_runner.py","lineno":1926}
{"timestamp":"2026-07-03T19:26:46.795102Z","level":"info","event":"DAG bundles loaded: dags-folder, example_dags","ti_id":"019f2972-a05b-7203-84c4-18bddbbbb976","map_index":-1,"task_id":"extract","dag_id":"profeco_etl_pipeline","run_id":"manual__2026-07-03T19:26:45.826738+00:00","try_number":1,"logger":"airflow.dag_processing.bundles.manager.DagBundlesManager","filename":"manager.py","lineno":209}
{"timestamp":"2026-07-03T19:26:46.796078Z","level":"info","event":"Filling up the DagBag from /opt/airflow/dags/profeco_pipeline_dag.py","ti_id":"019f2972-a05b-7203-84c4-18bddbbbb976","map_index":-1,"task_id":"extract","dag_id":"profeco_etl_pipeline","run_id":"manual__2026-07-03T19:26:45.826738+00:00","try_number":1,"logger":"airflow.dag_processing.dagbag.BundleDagBag","filename":"dagbag.py","lineno":469}
{"timestamp":"2026-07-03T19:26:46.822396Z","level":"info","event":"Task instance is in running state","logger":"task.stdout"}
{"timestamp":"2026-07-03T19:26:46.822566Z","level":"info","event":" Previous state of the Task instance: TaskInstanceState.QUEUED","logger":"task.stdout"}
{"timestamp":"2026-07-03T19:26:46.822730Z","level":"info","event":"Current task name:extract","logger":"task.stdout"}
{"timestamp":"2026-07-03T19:26:46.822791Z","level":"info","event":"Dag name:profeco_etl_pipeline","logger":"task.stdout"}
{"timestamp":"2026-07-03T19:26:46.822913Z","level":"info","event":"::endgroup::","ti_id":"019f2972-a05b-7203-84c4-18bddbbbb976","map_index":-1,"task_id":"extract","dag_id":"profeco_etl_pipeline","run_id":"manual__2026-07-03T19:26:45.826738+00:00","try_number":1,"logger":"task","filename":"task_runner.py","lineno":1727}
{"timestamp":"2026-07-03T19:26:46.894148Z","level":"info","event":"Archivo fuente encontrado: /opt/airflow/data/raw/quejas_buro_comercial.csv (110.00 MB)","logger":"extract","ti_id":"019f2972-a05b-7203-84c4-18bddbbbb976","map_index":-1,"task_id":"extract","dag_id":"profeco_etl_pipeline","run_id":"manual__2026-07-03T19:26:45.826738+00:00","try_number":1,"filename":"extract.py","lineno":53}
{"timestamp":"2026-07-03T19:26:46.894378Z","level":"info","event":"Leyendo CSV...","logger":"extract","ti_id":"019f2972-a05b-7203-84c4-18bddbbbb976","map_index":-1,"task_id":"extract","dag_id":"profeco_etl_pipeline","run_id":"manual__2026-07-03T19:26:45.826738+00:00","try_number":1,"filename":"extract.py","lineno":77}
{"timestamp":"2026-07-03T19:26:48.349530Z","level":"info","event":"Filas leídas: 434254","logger":"extract","ti_id":"019f2972-a05b-7203-84c4-18bddbbbb976","map_index":-1,"task_id":"extract","dag_id":"profeco_etl_pipeline","run_id":"manual__2026-07-03T19:26:45.826738+00:00","try_number":1,"filename":"extract.py","lineno":80}
{"timestamp":"2026-07-03T19:26:48.349742Z","level":"info","event":"Validación de columnas: OK","logger":"extract","ti_id":"019f2972-a05b-7203-84c4-18bddbbbb976","map_index":-1,"task_id":"extract","dag_id":"profeco_etl_pipeline","run_id":"manual__2026-07-03T19:26:45.826738+00:00","try_number":1,"filename":"extract.py","lineno":86}
{"timestamp":"2026-07-03T19:26:48.364315Z","level":"info","event":"Found credentials in environment variables.","logger":"botocore.credentials","ti_id":"019f2972-a05b-7203-84c4-18bddbbbb976","map_index":-1,"task_id":"extract","dag_id":"profeco_etl_pipeline","run_id":"manual__2026-07-03T19:26:45.826738+00:00","try_number":1,"filename":"credentials.py","lineno":1252}
{"timestamp":"2026-07-03T19:26:48.441592Z","level":"info","event":"Subiendo archivo crudo a s3://profeco-pipeline-alexis-2026/raw/quejas_buro_comercial.csv ...","logger":"extract","ti_id":"019f2972-a05b-7203-84c4-18bddbbbb976","map_index":-1,"task_id":"extract","dag_id":"profeco_etl_pipeline","run_id":"manual__2026-07-03T19:26:45.826738+00:00","try_number":1,"filename":"extract.py","lineno":60}
{"timestamp":"2026-07-03T19:26:52.303169Z","level":"info","event":"Subida a S3 completada.","logger":"extract","ti_id":"019f2972-a05b-7203-84c4-18bddbbbb976","map_index":-1,"task_id":"extract","dag_id":"profeco_etl_pipeline","run_id":"manual__2026-07-03T19:26:45.826738+00:00","try_number":1,"filename":"extract.py","lineno":62}
{"timestamp":"2026-07-03T19:26:52.331580Z","level":"info","event":"Done. Returned value was: None","ti_id":"019f2972-a05b-7203-84c4-18bddbbbb976","map_index":-1,"task_id":"extract","dag_id":"profeco_etl_pipeline","run_id":"manual__2026-07-03T19:26:45.826738+00:00","try_number":1,"logger":"airflow.task.operators.airflow.providers.standard.operators.python.PythonOperator","filename":"python.py","lineno":233}
{"timestamp":"2026-07-03T19:26:52.331794Z","level":"info","event":"::group::Post Execute","ti_id":"019f2972-a05b-7203-84c4-18bddbbbb976","map_index":-1,"task_id":"extract","dag_id":"profeco_etl_pipeline","run_id":"manual__2026-07-03T19:26:45.826738+00:00","try_number":1,"logger":"task","filename":"task_runner.py","lineno":1288}
{"timestamp":"2026-07-03T19:26:52.351654Z","level":"info","event":"Task instance in success state","logger":"task.stdout"}
{"timestamp":"2026-07-03T19:26:52.351769Z","level":"info","event":" Previous state of the Task instance: TaskInstanceState.RUNNING","logger":"task.stdout"}
{"timestamp":"2026-07-03T19:26:52.352032Z","level":"info","event":"Task operator:<Task(PythonOperator): extract>","logger":"task.stdout"}
{"timestamp":"2026-07-03T19:26:52.351994Z","level":"info","event":"::endgroup::","ti_id":"019f2972-a05b-7203-84c4-18bddbbbb976","map_index":-1,"task_id":"extract","dag_id":"profeco_etl_pipeline","run_id":"manual__2026-07-03T19:26:45.826738+00:00","try_number":1,"logger":"task","filename":"task_runner.py","lineno":1896}
