{"timestamp":"2026-07-03T19:23:20.354932Z","level":"info","event":"::group::Pre Execute","logger":"task","filename":"task_runner.py","lineno":1926}
{"timestamp":"2026-07-03T19:23:24.357023Z","level":"info","event":"DAG bundles loaded: dags-folder, example_dags","dag_id":"profeco_etl_pipeline","ti_id":"019f296f-7ac1-7bc2-96c3-e9cebb17bf82","map_index":-1,"run_id":"scheduled__2026-07-03T00:00:00+00:00","try_number":1,"task_id":"extract","logger":"airflow.dag_processing.bundles.manager.DagBundlesManager","filename":"manager.py","lineno":209}
{"timestamp":"2026-07-03T19:23:24.357965Z","level":"info","event":"Filling up the DagBag from /opt/airflow/dags/profeco_pipeline_dag.py","dag_id":"profeco_etl_pipeline","ti_id":"019f296f-7ac1-7bc2-96c3-e9cebb17bf82","map_index":-1,"run_id":"scheduled__2026-07-03T00:00:00+00:00","try_number":1,"task_id":"extract","logger":"airflow.dag_processing.dagbag.BundleDagBag","filename":"dagbag.py","lineno":469}
{"timestamp":"2026-07-03T19:23:24.403839Z","level":"info","event":"Task instance is in running state","logger":"task.stdout"}
{"timestamp":"2026-07-03T19:23:24.403946Z","level":"info","event":" Previous state of the Task instance: TaskInstanceState.QUEUED","logger":"task.stdout"}
{"timestamp":"2026-07-03T19:23:24.404143Z","level":"info","event":"Current task name:extract","logger":"task.stdout"}
{"timestamp":"2026-07-03T19:23:24.404216Z","level":"info","event":"Dag name:profeco_etl_pipeline","logger":"task.stdout"}
{"timestamp":"2026-07-03T19:23:24.404283Z","level":"info","event":"::endgroup::","dag_id":"profeco_etl_pipeline","ti_id":"019f296f-7ac1-7bc2-96c3-e9cebb17bf82","map_index":-1,"run_id":"scheduled__2026-07-03T00:00:00+00:00","try_number":1,"task_id":"extract","logger":"task","filename":"task_runner.py","lineno":1727}
{"timestamp":"2026-07-03T19:23:24.783783Z","level":"info","event":"Archivo fuente encontrado: /opt/airflow/data/raw/quejas_buro_comercial.csv (110.00 MB)","logger":"extract","dag_id":"profeco_etl_pipeline","ti_id":"019f296f-7ac1-7bc2-96c3-e9cebb17bf82","map_index":-1,"run_id":"scheduled__2026-07-03T00:00:00+00:00","try_number":1,"task_id":"extract","filename":"extract.py","lineno":53}
{"timestamp":"2026-07-03T19:23:24.784002Z","level":"info","event":"Leyendo CSV...","logger":"extract","dag_id":"profeco_etl_pipeline","ti_id":"019f296f-7ac1-7bc2-96c3-e9cebb17bf82","map_index":-1,"run_id":"scheduled__2026-07-03T00:00:00+00:00","try_number":1,"task_id":"extract","filename":"extract.py","lineno":77}
{"timestamp":"2026-07-03T19:23:26.301661Z","level":"info","event":"Filas leídas: 434254","logger":"extract","dag_id":"profeco_etl_pipeline","ti_id":"019f296f-7ac1-7bc2-96c3-e9cebb17bf82","map_index":-1,"run_id":"scheduled__2026-07-03T00:00:00+00:00","try_number":1,"task_id":"extract","filename":"extract.py","lineno":80}
{"timestamp":"2026-07-03T19:23:26.302023Z","level":"info","event":"Validación de columnas: OK","logger":"extract","dag_id":"profeco_etl_pipeline","ti_id":"019f296f-7ac1-7bc2-96c3-e9cebb17bf82","map_index":-1,"run_id":"scheduled__2026-07-03T00:00:00+00:00","try_number":1,"task_id":"extract","filename":"extract.py","lineno":86}
{"timestamp":"2026-07-03T19:23:26.319449Z","level":"info","event":"Found credentials in environment variables.","logger":"botocore.credentials","dag_id":"profeco_etl_pipeline","ti_id":"019f296f-7ac1-7bc2-96c3-e9cebb17bf82","map_index":-1,"run_id":"scheduled__2026-07-03T00:00:00+00:00","try_number":1,"task_id":"extract","filename":"credentials.py","lineno":1252}
{"timestamp":"2026-07-03T19:23:26.612954Z","level":"info","event":"Subiendo archivo crudo a s3://profeco-pipeline-alexis-2026/raw/quejas_buro_comercial.csv ...","logger":"extract","dag_id":"profeco_etl_pipeline","ti_id":"019f296f-7ac1-7bc2-96c3-e9cebb17bf82","map_index":-1,"run_id":"scheduled__2026-07-03T00:00:00+00:00","try_number":1,"task_id":"extract","filename":"extract.py","lineno":60}
{"timestamp":"2026-07-03T19:23:30.356281Z","level":"info","event":"Subida a S3 completada.","logger":"extract","dag_id":"profeco_etl_pipeline","ti_id":"019f296f-7ac1-7bc2-96c3-e9cebb17bf82","map_index":-1,"run_id":"scheduled__2026-07-03T00:00:00+00:00","try_number":1,"task_id":"extract","filename":"extract.py","lineno":62}
{"timestamp":"2026-07-03T19:23:30.374794Z","level":"info","event":"Done. Returned value was: None","dag_id":"profeco_etl_pipeline","ti_id":"019f296f-7ac1-7bc2-96c3-e9cebb17bf82","map_index":-1,"run_id":"scheduled__2026-07-03T00:00:00+00:00","try_number":1,"task_id":"extract","logger":"airflow.task.operators.airflow.providers.standard.operators.python.PythonOperator","filename":"python.py","lineno":233}
{"timestamp":"2026-07-03T19:23:30.374985Z","level":"info","event":"::group::Post Execute","dag_id":"profeco_etl_pipeline","ti_id":"019f296f-7ac1-7bc2-96c3-e9cebb17bf82","map_index":-1,"run_id":"scheduled__2026-07-03T00:00:00+00:00","try_number":1,"task_id":"extract","logger":"task","filename":"task_runner.py","lineno":1288}
{"timestamp":"2026-07-03T19:23:30.408200Z","level":"info","event":"Task instance in success state","logger":"task.stdout"}
{"timestamp":"2026-07-03T19:23:30.408330Z","level":"info","event":" Previous state of the Task instance: TaskInstanceState.RUNNING","logger":"task.stdout"}
{"timestamp":"2026-07-03T19:23:30.408607Z","level":"info","event":"Task operator:<Task(PythonOperator): extract>","logger":"task.stdout"}
{"timestamp":"2026-07-03T19:23:30.408619Z","level":"info","event":"::endgroup::","dag_id":"profeco_etl_pipeline","ti_id":"019f296f-7ac1-7bc2-96c3-e9cebb17bf82","map_index":-1,"run_id":"scheduled__2026-07-03T00:00:00+00:00","try_number":1,"task_id":"extract","logger":"task","filename":"task_runner.py","lineno":1896}
